0 14.452326 10.915862
1 17.070883 10.603996
2 18.974881 10.944791
3 20.840989 12.042189
4 22.606677 11.190566
5 25.439431 10.412825
6 26.770332 10.629071
7 28.893075 10.947132
8 31.996055 11.160185
9 32.243303 10.941039
10 34.819021 9.913320
11 37.293305 11.008306
12 38.715666 10.762882
13 41.132178 10.775047
14 42.307756 11.204977
15 44.303240 11.239148
16 47.251521 10.781171
17 48.802232 10.837702
18 51.486442 10.351078
19 53.009683 11.213178
20 55.225393 10.588073
21 57.656079 10.340055
22 58.703421 10.642673
23 61.880150 10.010560
24 62.940292 10.175511
25 64.801252 9.724946
26 66.626263 10.346100
27 68.298703 10.449570
28 70.748806 10.410077
29 72.770421 11.034027
30 74.717780 10.687233
31 77.891500 10.924337
32 78.639585 10.599800
33 81.337180 10.832185
34 83.273510 10.586344
35 84.993230 11.626731
36 85.835585 10.987826
37 89.266817 10.315481
38 91.131572 10.121428
39 92.878528 10.223323
40 95.248707 11.843404
41 97.158075 11.173985
42 99.507999 9.746056
43 101.020362 11.224043
44 103.611170 11.173135
45 104.221765 11.613795
46 106.787097 10.733819
47 108.625202 11.247877
48 110.060494 10.364773
49 112.770465 11.531309
